<?xml version="1.0" encoding="UTF-8"?>
<!-- Generated by org.testng.reporters.JUnitReportReporter -->
<testsuite hostname="LAPTOP-LOI8803I" failures="0" tests="3" name="tests.AddToCartTest" time="15.803" errors="0" timestamp="2025-07-29T20:55:09 IST" skipped="0">
  <testcase classname="tests.AddToCartTest" name="testAddFirstProductToCart" time="4.757"/>
  <testcase classname="tests.AddToCartTest" name="testAddFirstProductToCart" time="6.467"/>
  <testcase classname="tests.AddToCartTest" name="testAddFirstProductToCart" time="4.579"/>
</testsuite> <!-- tests.AddToCartTest -->
