<?xml version="1.0" encoding="UTF-8"?>
<!-- Generated by org.testng.reporters.JUnitReportReporter -->
<testsuite hostname="LAPTOP-LOI8803I" failures="0" tests="1" name="tests.ExtractSortedProductsTest" time="5.634" errors="0" timestamp="2025-07-29T20:55:09 IST" skipped="0">
  <testcase classname="tests.ExtractSortedProductsTest" name="extractTop3SortedByNameZtoA" time="5.634"/>
</testsuite> <!-- tests.ExtractSortedProductsTest -->
