<?xml version="1.0" encoding="UTF-8"?>
<!-- Generated by org.testng.reporters.JUnitReportReporter -->
<testsuite hostname="LAPTOP-LOI8803I" failures="0" tests="3" name="tests.AddToCartTest" time="8.594" errors="0" timestamp="2025-07-29T19:21:52 IST" skipped="0">
  <testcase classname="tests.AddToCartTest" name="testAddFirstProductToCart" time="2.130"/>
  <testcase classname="tests.AddToCartTest" name="testAddFirstProductToCart" time="4.233"/>
  <testcase classname="tests.AddToCartTest" name="testAddFirstProductToCart" time="2.231"/>
</testsuite> <!-- tests.AddToCartTest -->
